<?xml version="1.0" encoding="UTF-8"?>
<testng-results ignored="0" total="1" passed="1" failed="0" skipped="0">
  <reporter-output>
  </reporter-output>
  <suite started-at="2023-11-17T01:47:32 IST" name="Default suite" finished-at="2023-11-17T01:47:55 IST" duration-ms="22062">
    <groups>
    </groups>
    <test started-at="2023-11-17T01:47:32 IST" name="Default test" finished-at="2023-11-17T01:47:55 IST" duration-ms="22062">
      <class name="Createcontact">
        <test-method signature="Contact()[pri:0, instance:Createcontact@f09733f]" started-at="2023-11-17T01:47:33 IST" name="Contact" finished-at="2023-11-17T01:47:55 IST" duration-ms="21877" status="PASS">
          <reporter-output>
          </reporter-output>
        </test-method> <!-- Contact -->
      </class> <!-- Createcontact -->
    </test> <!-- Default test -->
  </suite> <!-- Default suite -->
</testng-results>
